2017-07-17 19:34:51:  start to sync now
2017-07-17 19:34:52: A:/hexo/source/_posts/sync_hook.script existed, delete it first
2017-07-17 19:34:52: A:/hexo/source/_posts/sync_hook.script uploaded
2017-07-17 19:34:52: A:/hexo/source/_posts/AC++ upload but no file exist or not a file
2017-07-17 19:34:52: A:/hexo/source/_posts/拾摘 upload but no file exist or not a file
2017-07-17 19:34:52: A:/hexo/source/_posts/笔记 upload but no file exist or not a file
2017-07-17 19:34:52: A:/hexo/source/_posts/结绳纪 upload but no file exist or not a file
2017-07-17 19:34:52: A:/hexo/source/_posts/萱苏小筑 upload but no file exist or not a file
2017-07-17 19:34:52: A:/hexo/source/_posts/AC++/2016-07-27.Ubuntu下SublimeC和Cpp配置.md uploaded
2017-07-17 19:34:52: A:/hexo/source/_posts/AC++/2016-07-27.含义.md uploaded
2017-07-17 19:34:53: A:/hexo/source/_posts/AC++/2016-09-17.ICPC2016青岛区域网络赛.md uploaded
2017-07-17 19:34:53: A:/hexo/source/_posts/AC++/2016-09-18.ICPC2016沈阳区域网络赛.md uploaded
2017-07-17 19:34:53: A:/hexo/source/_posts/AC++/2016-09-21.大整数.同余关系.md uploaded
2017-07-17 19:34:53: A:/hexo/source/_posts/AC++/_images upload but no file exist or not a file
2017-07-17 19:34:53: A:/hexo/source/_posts/拾摘/2015-06-04-2.做项目orACM.md existed and is the same file, ignore
2017-07-17 19:34:54: A:/hexo/source/_posts/拾摘/2015-10-10.The Secret World of WDMA Sites.md existed and is the same file, ignore
2017-07-17 19:34:54: A:/hexo/source/_posts/拾摘/2015-10-11.唐凤(唐宗汉)文言文perl编程.md existed and is the same file, ignore
2017-07-17 19:34:54: A:/hexo/source/_posts/拾摘/2016-06-13.第一部人工智能写的电影.md existed and is the same file, ignore
2017-07-17 19:34:54: A:/hexo/source/_posts/拾摘/2016-07-06.永远保持好奇心.md existed and is the same file, ignore
2017-07-17 19:34:54: A:/hexo/source/_posts/拾摘/2016-07-07.大国国民的情怀.md existed and is the same file, ignore
2017-07-17 19:34:54: A:/hexo/source/_posts/拾摘/2016-07-07.广电总局,中文域名.md existed, delete it first
2017-07-17 19:34:54: A:/hexo/source/_posts/拾摘/2016-07-07.广电总局,中文域名.md uploaded
2017-07-17 19:34:55: A:/hexo/source/_posts/笔记/2016-05-01.写作需求的解决方案.md uploaded
2017-07-17 19:34:55: A:/hexo/source/_posts/笔记/2016-05-11.EclipseChe.md uploaded
2017-07-17 19:34:55: A:/hexo/source/_posts/笔记/2016-05-11.云数据库.md uploaded
2017-07-17 19:34:55: A:/hexo/source/_posts/笔记/2016-06-22.Shadowsocks Ipv6代理.md uploaded
2017-07-17 19:34:56: A:/hexo/source/_posts/笔记/2016-06-27.各种奇葩中文编程语言.md uploaded
2017-07-17 19:34:56: A:/hexo/source/_posts/笔记/2016-07-07.Sublime侧边栏乱码和有道云笔记显示不清晰.md uploaded
2017-07-17 19:34:56: A:/hexo/source/_posts/笔记/2016-07-28.Ubuntu下Anaconda安装.md uploaded
2017-07-17 19:34:56: A:/hexo/source/_posts/笔记/2016-07-30.Hexo一些语法.md uploaded
2017-07-17 19:34:57: A:/hexo/source/_posts/笔记/2016-07-30.高分屏下字体显示的最终解决方案.md uploaded
2017-07-17 19:34:57: A:/hexo/source/_posts/笔记/2016-09-02.Oracle安装与卸载.md uploaded
2017-07-17 19:34:57: A:/hexo/source/_posts/笔记/2016-09-03.Hexo提交到Github错误.md uploaded
2017-07-17 19:34:57: A:/hexo/source/_posts/笔记/2016-09-03.素拓网站的一些技巧.md uploaded
2017-07-17 19:34:58: A:/hexo/source/_posts/笔记/2016-09-05.Linux下使用SSH连接Windows.md uploaded
2017-07-17 19:34:58: A:/hexo/source/_posts/笔记/2016-09-05.Windows和Ubuntu之间的互联.md uploaded
2017-07-17 19:34:58: A:/hexo/source/_posts/笔记/2016-09-22.哲学家就餐问题.md uploaded
2017-07-17 19:34:59: A:/hexo/source/_posts/笔记/2016-09-23.CMD命令行.md uploaded
2017-07-17 19:34:59: A:/hexo/source/_posts/笔记/2016-09-23.Hexo小技巧.md uploaded
2017-07-17 19:34:59: A:/hexo/source/_posts/笔记/2016-09-23.基础Git技能.md uploaded
2017-07-17 19:34:59: A:/hexo/source/_posts/笔记/2016-09-28.Python中的注释.md uploaded
2017-07-17 19:34:59: A:/hexo/source/_posts/笔记/2016-09-28.有关笔记的管理.md uploaded
2017-07-17 19:35:00: A:/hexo/source/_posts/笔记/2016-09-29.如何在Linux中创建一个交换文件.md uploaded
2017-07-17 19:35:00: A:/hexo/source/_posts/笔记/2016-11-16.use_case-when_implement_if-then-else_logic.md existed, delete it first
2017-07-17 19:35:00: A:/hexo/source/_posts/笔记/2016-11-16.use_case-when_implement_if-then-else_logic.md uploaded
2017-07-17 19:35:00: A:/hexo/source/_posts/笔记/2016-11-16.笔记编辑工具的最后选择.md existed, delete it first
2017-07-17 19:35:00: A:/hexo/source/_posts/笔记/2016-11-16.笔记编辑工具的最后选择.md uploaded
2017-07-17 19:35:01: A:/hexo/source/_posts/笔记/2016-11-23.oracle中关于单引号和双引号的问题.md existed, delete it first
2017-07-17 19:35:01: A:/hexo/source/_posts/笔记/2016-11-23.oracle中关于单引号和双引号的问题.md uploaded
2017-07-17 19:35:01: A:/hexo/source/_posts/笔记/2017-02-22.名称-引用的一些出处.md uploaded
2017-07-17 19:35:01: A:/hexo/source/_posts/笔记/2017-03-19.Linux 下执行定时任务 crontab 命令详解.md uploaded
2017-07-17 19:35:01: A:/hexo/source/_posts/笔记/2017-03-20.JSP与Servlet之间传值.md uploaded
2017-07-17 19:35:02: A:/hexo/source/_posts/笔记/2017-07-11.使用Seafile+ossfs+oss搭建属于自己的私有云盘.md uploaded
2017-07-17 19:35:02: A:/hexo/source/_posts/笔记/2017-07-11.升级Seafile到专业版.md uploaded
2017-07-17 19:35:02: A:/hexo/source/_posts/笔记/markdown-demo.md uploaded
2017-07-17 19:35:02: A:/hexo/source/_posts/笔记/_image upload but no file exist or not a file
2017-07-17 19:35:03: A:/hexo/source/_posts/笔记/_image/2016-11-16-01-09-39.jpg existed and is the same file, ignore
2017-07-17 19:35:03: A:/hexo/source/_posts/笔记/_image/3538cb7877d98a2949fd1f266c74aab4_2017-07-12-21-18-33.jpg uploaded
2017-07-17 19:35:03: A:/hexo/source/_posts/笔记/_image/4308bd8b67334ae30f792db6b6702aea_2017-07-12-21-27-09.jpg uploaded
2017-07-17 19:35:03: A:/hexo/source/_posts/笔记/_image/45095ee4af3d434a14a69bd2c667abc8_2017-07-12-21-34-24.jpg uploaded
2017-07-17 19:35:04: A:/hexo/source/_posts/笔记/_image/4cea837ff4f043daa19f9dcecc227fbc_2017-07-12-21-27-52.jpg uploaded
2017-07-17 19:35:04: A:/hexo/source/_posts/笔记/_image/4e7819c890f670c271025bfa46f9a584_2017-07-12-21-29-29.jpg uploaded
2017-07-17 19:35:04: A:/hexo/source/_posts/笔记/_image/4f16071998821285abf5b22466e59748_2017-07-12-21-27-22.jpg uploaded
2017-07-17 19:35:04: A:/hexo/source/_posts/笔记/_image/5da9a9cdee0dfcb884620cda53079d8f_2017-07-12-21-00-11.jpg uploaded
2017-07-17 19:35:05: A:/hexo/source/_posts/笔记/_image/6f6ee45142b5088e54cbd1c80531c06d_2017-07-12-20-55-44.jpg uploaded
2017-07-17 19:35:05: A:/hexo/source/_posts/笔记/_image/8754f030c45ed7d84efdf69cc788ba1a_2017-02-24-12-27-49.png uploaded
2017-07-17 19:35:05: A:/hexo/source/_posts/笔记/_image/9ed22485a72166d4a3fcf6f5dfb19157_2017-07-12-21-32-42.jpg uploaded
2017-07-17 19:35:05: A:/hexo/source/_posts/笔记/_image/9fe0b55fff88e0913f44c64f78d37f41_2017-07-12-21-16-22.jpg uploaded
2017-07-17 19:35:06: A:/hexo/source/_posts/笔记/_image/a920eed2e55fc887e42331b4633b9dbf_2017-07-12-21-01-28.jpg uploaded
2017-07-17 19:35:06: A:/hexo/source/_posts/笔记/_image/b2cb523f463e26761489bc91852adabe_ceee0c90486619696c3c19dfdf02026a_attach15.jpg uploaded
2017-07-17 19:35:06: A:/hexo/source/_posts/笔记/_image/b7b4e5dd90ed7a716b679d68312eaac1_2017-07-12-21-20-40.jpg uploaded
2017-07-17 19:35:07: A:/hexo/source/_posts/笔记/_image/be9f5c51adaad1fcc4fb03e11d00b441_2017-07-12-21-31-09.jpg uploaded
2017-07-17 19:35:07: A:/hexo/source/_posts/笔记/_image/d8db42d0983b0be6fa60c8aa9731ade2_2017-07-12-21-24-38.jpg uploaded
2017-07-17 19:35:07: A:/hexo/source/_posts/笔记/_image/ed3529c9e5b16bc1db07804ba65d1395_2017-07-12-20-56-53.jpg uploaded
2017-07-17 19:35:07: A:/hexo/source/_posts/笔记/_image/ffd4b17501cd80f02ab95fa80d4f1e57_2017-07-12-20-58-23.jpg uploaded
2017-07-17 19:35:08: A:/hexo/source/_posts/结绳纪/2015-09-06.原则.md uploaded
2017-07-17 19:35:08: A:/hexo/source/_posts/结绳纪/2015-09-08.让我在痛苦中忍耐下来的.md uploaded
2017-07-17 19:35:08: A:/hexo/source/_posts/结绳纪/2015-09-28.各个领域游荡.md uploaded
2017-07-17 19:35:08: A:/hexo/source/_posts/结绳纪/2015-10-05.可穿戴的作品.md uploaded
2017-07-17 19:35:09: A:/hexo/source/_posts/结绳纪/2015-10-05.执念.md uploaded
2017-07-17 19:35:09: A:/hexo/source/_posts/结绳纪/2015-10-06.珍惜.md uploaded
2017-07-17 19:35:09: A:/hexo/source/_posts/结绳纪/2015-10-08.明志.洒脱.md uploaded
2017-07-17 19:35:09: A:/hexo/source/_posts/结绳纪/2015-10-09.关于自己的梦想.md uploaded
2017-07-17 19:35:10: A:/hexo/source/_posts/结绳纪/2016-05-04.学会如何思考.md uploaded
2017-07-17 19:35:10: A:/hexo/source/_posts/结绳纪/2016-05-07.归零.凑热闹.md uploaded
2017-07-17 19:35:10: A:/hexo/source/_posts/结绳纪/2016-05-09.师道.md uploaded
2017-07-17 19:35:10: A:/hexo/source/_posts/结绳纪/2016-05-09.数学建模一路走来.md uploaded
2017-07-17 19:35:10: A:/hexo/source/_posts/结绳纪/2016-05-10-1.关于这个博客.md uploaded
2017-07-17 19:35:11: A:/hexo/source/_posts/结绳纪/2016-05-10-2.不要为别人的价值观买单.md uploaded
2017-07-17 19:35:11: A:/hexo/source/_posts/结绳纪/2016-05-10.自己的路,心神不移.md uploaded
2017-07-17 19:35:11: A:/hexo/source/_posts/结绳纪/2016-05-11-1.更加值钱的是需求.md uploaded
2017-07-17 19:35:11: A:/hexo/source/_posts/结绳纪/2016-05-11.博客方案和技能栈.md uploaded
2017-07-17 19:35:12: A:/hexo/source/_posts/结绳纪/2016-05-13.玩世不恭.md uploaded
2017-07-17 19:35:12: A:/hexo/source/_posts/结绳纪/2016-05-19.文字的意义.md uploaded
2017-07-17 19:35:12: A:/hexo/source/_posts/结绳纪/2016-05-21.君子之争.md uploaded
2017-07-17 19:35:12: A:/hexo/source/_posts/结绳纪/2016-05-24.时间与等待，生存最昂贵的成本.md uploaded
2017-07-17 19:35:13: A:/hexo/source/_posts/结绳纪/2016-05-25.读书谨身之法.md uploaded
2017-07-17 19:35:13: A:/hexo/source/_posts/结绳纪/2016-05-26.不能被安排.md uploaded
2017-07-17 19:35:13: A:/hexo/source/_posts/结绳纪/2016-05-28.做一个真实的人.md uploaded
2017-07-17 19:35:13: A:/hexo/source/_posts/结绳纪/2016-06-05-1.自己太差.md uploaded
2017-07-17 19:35:14: A:/hexo/source/_posts/结绳纪/2016-06-05.因为它在那里.md uploaded
2017-07-17 19:35:14: A:/hexo/source/_posts/结绳纪/2016-06-08.耐心.苦难.md uploaded
2017-07-17 19:35:14: A:/hexo/source/_posts/结绳纪/2016-06-13.UCAS_纯粹的情感.md uploaded
2017-07-17 19:35:14: A:/hexo/source/_posts/结绳纪/2016-06-18.回归本心.md uploaded
2017-07-17 19:35:14: A:/hexo/source/_posts/结绳纪/2016-06-18.方向正确能够到达终点比速度更重要.md uploaded
2017-07-17 19:35:15: A:/hexo/source/_posts/结绳纪/2016-06-27.几项重要的技能.md uploaded
2017-07-17 19:35:15: A:/hexo/source/_posts/结绳纪/2016-06-27.走别人没走过的路.md uploaded
2017-07-17 19:35:15: A:/hexo/source/_posts/结绳纪/2016-07-01.优质的分享氛围.md uploaded
2017-07-17 19:35:15: A:/hexo/source/_posts/结绳纪/2016-07-01.艺术.md uploaded
2017-07-17 19:35:16: A:/hexo/source/_posts/结绳纪/2016-07-06.破执.md uploaded
2017-07-17 19:35:16: A:/hexo/source/_posts/结绳纪/2016-07-08.UCAS_0708.md uploaded
2017-07-17 19:35:16: A:/hexo/source/_posts/结绳纪/2016-07-09.LNTU_0709.md uploaded
2017-07-17 19:35:16: A:/hexo/source/_posts/结绳纪/2016-07-09.实体书店解决方案.md uploaded
2017-07-17 19:35:16: A:/hexo/source/_posts/结绳纪/2016-07-12.关于回家种地.md uploaded
2017-07-17 19:35:17: A:/hexo/source/_posts/结绳纪/2016-07-14-1.名校和非名校最重要差距，悄悄影响着我们的一生.md uploaded
2017-07-17 19:35:17: A:/hexo/source/_posts/结绳纪/2016-07-14.UCAS_0714_专业方向.md uploaded
2017-07-17 19:35:17: A:/hexo/source/_posts/结绳纪/2016-07-15.UCAS_雁栖湖.md uploaded
2017-07-17 19:35:17: A:/hexo/source/_posts/结绳纪/2016-07-16.UCAS_河防口野长城.md uploaded
2017-07-17 19:35:18: A:/hexo/source/_posts/结绳纪/2016-07-16.善戏谑兮，不为虐兮.md uploaded
2017-07-17 19:35:18: A:/hexo/source/_posts/结绳纪/2016-07-17.不要重复劳动.md uploaded
2017-07-17 19:35:18: A:/hexo/source/_posts/结绳纪/2016-07-18.自由意志.md uploaded
2017-07-17 19:35:18: A:/hexo/source/_posts/结绳纪/2016-07-19.AI.纯粹.选择.md uploaded
2017-07-17 19:35:19: A:/hexo/source/_posts/结绳纪/2016-07-30.去生活，去犯错，去跌倒，去胜利，去用生命再创生命.md uploaded
2017-07-17 19:35:19: A:/hexo/source/_posts/结绳纪/2016-07-30.自己的方向.md uploaded
2017-07-17 19:35:19: A:/hexo/source/_posts/结绳纪/2016-08-18.一种确定的努力.md uploaded
2017-07-17 19:35:19: A:/hexo/source/_posts/结绳纪/2016-08-22.乐天尽心知命.md uploaded
2017-07-17 19:35:19: A:/hexo/source/_posts/结绳纪/2016-08-23.复杂形式系统.md uploaded
2017-07-17 19:35:20: A:/hexo/source/_posts/结绳纪/2016-08-25.苦恼.md uploaded
2017-07-17 19:35:20: A:/hexo/source/_posts/结绳纪/2016-08-25.静心.md uploaded
2017-07-17 19:35:20: A:/hexo/source/_posts/结绳纪/2016-08-26.钦佩的人.md uploaded
2017-07-17 19:35:20: A:/hexo/source/_posts/结绳纪/2016-09-01.以前钦佩的人.md uploaded
2017-07-17 19:35:21: A:/hexo/source/_posts/结绳纪/2016-09-03.遇见不一样的自己.md uploaded
2017-07-17 19:35:21: A:/hexo/source/_posts/结绳纪/2016-09-17.Kiss原则.md uploaded
2017-07-17 19:35:21: A:/hexo/source/_posts/结绳纪/2016-09-30.守柔曰强.md uploaded
2017-07-17 19:35:21: A:/hexo/source/_posts/结绳纪/2016-10-03.建筑化.md uploaded
2017-07-17 19:35:22: A:/hexo/source/_posts/结绳纪/2017-03-07.教材-学习方式.md uploaded
2017-07-17 19:35:22: A:/hexo/source/_posts/结绳纪/2017-03-11.道路-天赋.md uploaded
2017-07-17 19:35:22: A:/hexo/source/_posts/结绳纪/2017-03-13.东学西渐.md uploaded
2017-07-17 19:35:22: A:/hexo/source/_posts/结绳纪/2017-03-19.无悔.md uploaded
2017-07-17 19:35:23: A:/hexo/source/_posts/萱苏小筑/markdown-demo.md uploaded
2017-07-17 19:35:23: A:/hexo/source/_posts/萱苏小筑/书阁.md uploaded
2017-07-17 19:35:23: A:/hexo/source/_posts/萱苏小筑/建站日志.md uploaded
2017-07-17 19:35:23: A:/hexo/source/_posts/萱苏小筑/站点迁移.md uploaded
2017-07-17 19:35:24: sync-hook hook failed, save details to error.log
2017-07-17 19:35:24:  sync ended
2017-07-17 21:35:08:  start to sync now
2017-07-17 21:35:10: A:/hexo/source/_posts/笔记/2017-07-17.将不同地方文件夹同步到Dropbox.md uploaded, but maybe failed, etag is not equal FrfMgSr_7yI8nxYm_KYTHyJmmvSw != FkRra-hZNsaxLMIHOLWpNtchrqZN
2017-07-17 21:35:10: sync-hook hook failed, save details to error.log
2017-07-17 21:35:10:  sync ended
